<?xml version="1.0" encoding="utf-8"?><testsuites name="pytest tests"><testsuite name="pytest" errors="0" failures="0" skipped="0" tests="16" time="0.734" timestamp="2026-01-09T10:49:55.172397+00:00" hostname="agent-env-2a16f039-43cd-4224-b79a-3eed3b623f86"><testcase classname="tests.test_afroboost_backend.TestAdminAuth" name="test_admin_login_success" time="0.056" /><testcase classname="tests.test_afroboost_backend.TestAdminAuth" name="test_admin_login_failure" time="0.032" /><testcase classname="tests.test_afroboost_backend.TestLevelPaymentConfig" name="test_get_all_payment_configs_returns_array" time="0.038" /><testcase classname="tests.test_afroboost_backend.TestLevelPaymentConfig" name="test_configure_level1_money_only" time="0.040" /><testcase classname="tests.test_afroboost_backend.TestLevelPaymentConfig" name="test_configure_level2_volunteer_only" time="0.040" /><testcase classname="tests.test_afroboost_backend.TestLevelPaymentConfig" name="test_configure_level3_both_options" time="0.036" /><testcase classname="tests.test_afroboost_backend.TestLevelPaymentConfig" name="test_get_level1_config" time="0.035" /><testcase classname="tests.test_afroboost_backend.TestLevelPaymentConfig" name="test_get_level2_config" time="0.038" /><testcase classname="tests.test_afroboost_backend.TestLevelPaymentConfig" name="test_get_level3_config" time="0.035" /><testcase classname="tests.test_afroboost_backend.TestLevelPaymentConfig" name="test_get_unconfigured_level_returns_default" time="0.076" /><testcase classname="tests.test_afroboost_backend.TestLevelProgressAdmin" name="test_admin_all_progress_returns_array" time="0.037" /><testcase classname="tests.test_afroboost_backend.TestTrainingSummaryPDF" name="test_training_summary_pdf_download" time="0.055" /><testcase classname="tests.test_afroboost_backend.TestTrainingSummaryPDF" name="test_training_summary_pdf_has_french_accents" time="0.054" /><testcase classname="tests.test_afroboost_backend.TestLevelAccessRequest" name="test_request_payment_access" time="0.037" /><testcase classname="tests.test_afroboost_backend.TestLevelAccessRequest" name="test_request_volunteer_access" time="0.037" /><testcase classname="tests.test_afroboost_backend.TestLevelUnlockCheck" name="test_check_unlock_status" time="0.034" /></testsuite></testsuites>