<?xml version="1.0" encoding="utf-8"?><testsuites name="pytest tests"><testsuite name="pytest" errors="0" failures="0" skipped="0" tests="17" time="1.933" timestamp="2026-01-09T14:12:33.750439+00:00" hostname="agent-env-2a16f039-43cd-4224-b79a-3eed3b623f86"><testcase classname="tests.test_stripe_payments.TestStripeCheckoutCreation" name="test_01_create_stripe_checkout_success" time="0.504" /><testcase classname="tests.test_stripe_payments.TestStripeCheckoutCreation" name="test_02_transaction_created_in_db_before_redirect" time="0.038" /><testcase classname="tests.test_stripe_payments.TestStripeCheckoutCreation" name="test_03_transaction_has_stripe_session_id" time="0.040" /><testcase classname="tests.test_stripe_payments.TestStripeCheckoutCreation" name="test_04_create_checkout_stripe_not_enabled_fails" time="0.045" /><testcase classname="tests.test_stripe_payments.TestStripeCheckoutCreation" name="test_05_create_checkout_unconfigured_level_fails" time="0.035" /><testcase classname="tests.test_stripe_payments.TestStripeCheckoutStatus" name="test_01_get_checkout_status_valid_session" time="0.663" /><testcase classname="tests.test_stripe_payments.TestStripeCheckoutStatus" name="test_02_get_checkout_status_invalid_session" time="0.075" /><testcase classname="tests.test_stripe_payments.TestStripeWebhook" name="test_01_webhook_endpoint_exists" time="0.034" /><testcase classname="tests.test_stripe_payments.TestPayrexxTWINT" name="test_01_create_twint_payment_success" time="0.081" /><testcase classname="tests.test_stripe_payments.TestPayrexxTWINT" name="test_02_twint_transaction_visible_in_history" time="0.076" /><testcase classname="tests.test_stripe_payments.TestFlutterwaveMobileMoney" name="test_01_create_mtn_payment_success" time="0.071" /><testcase classname="tests.test_stripe_payments.TestFlutterwaveMobileMoney" name="test_02_create_orange_payment_success" time="0.037" /><testcase classname="tests.test_stripe_payments.TestFlutterwaveMobileMoney" name="test_03_mobile_money_transaction_visible_in_history" time="0.073" /><testcase classname="tests.test_stripe_payments.TestPaymentHistoryAllTransactions" name="test_01_all_payment_methods_in_history" time="0.036" /><testcase classname="tests.test_stripe_payments.TestPaymentHistoryAllTransactions" name="test_02_filter_by_payment_method" time="0.034" /><testcase classname="tests.test_stripe_payments.TestPaymentHistoryAllTransactions" name="test_03_filter_by_status" time="0.032" /><testcase classname="tests.test_stripe_payments.TestCleanup" name="test_cleanup_test_transactions" time="0.000" /></testsuite></testsuites>