<?xml version="1.0" encoding="utf-8"?><testsuites name="pytest tests"><testsuite name="pytest" errors="0" failures="3" skipped="0" tests="16" time="0.917" timestamp="2026-01-09T10:48:59.670071+00:00" hostname="agent-env-2a16f039-43cd-4224-b79a-3eed3b623f86"><testcase classname="tests.test_afroboost_backend.TestAdminAuth" name="test_admin_login_success" time="0.056" /><testcase classname="tests.test_afroboost_backend.TestAdminAuth" name="test_admin_login_failure" time="0.075" /><testcase classname="tests.test_afroboost_backend.TestLevelPaymentConfig" name="test_get_all_payment_configs_returns_array" time="0.077" /><testcase classname="tests.test_afroboost_backend.TestLevelPaymentConfig" name="test_configure_level1_money_only" time="0.046"><failure message="assert 520 == 200&#10; +  where 520 = &lt;Response [520]&gt;.status_code">tests/test_afroboost_backend.py:68: in test_configure_level1_money_only
    assert response.status_code == 200
E   assert 520 == 200
E    +  where 520 = &lt;Response [520]&gt;.status_code</failure></testcase><testcase classname="tests.test_afroboost_backend.TestLevelPaymentConfig" name="test_configure_level2_volunteer_only" time="0.035"><failure message="assert 520 == 200&#10; +  where 520 = &lt;Response [520]&gt;.status_code">tests/test_afroboost_backend.py:89: in test_configure_level2_volunteer_only
    assert response.status_code == 200
E   assert 520 == 200
E    +  where 520 = &lt;Response [520]&gt;.status_code</failure></testcase><testcase classname="tests.test_afroboost_backend.TestLevelPaymentConfig" name="test_configure_level3_both_options" time="0.038"><failure message="assert 520 == 200&#10; +  where 520 = &lt;Response [520]&gt;.status_code">tests/test_afroboost_backend.py:108: in test_configure_level3_both_options
    assert response.status_code == 200
E   assert 520 == 200
E    +  where 520 = &lt;Response [520]&gt;.status_code</failure></testcase><testcase classname="tests.test_afroboost_backend.TestLevelPaymentConfig" name="test_get_level1_config" time="0.035" /><testcase classname="tests.test_afroboost_backend.TestLevelPaymentConfig" name="test_get_level2_config" time="0.040" /><testcase classname="tests.test_afroboost_backend.TestLevelPaymentConfig" name="test_get_level3_config" time="0.033" /><testcase classname="tests.test_afroboost_backend.TestLevelPaymentConfig" name="test_get_unconfigured_level_returns_default" time="0.051" /><testcase classname="tests.test_afroboost_backend.TestLevelProgressAdmin" name="test_admin_all_progress_returns_array" time="0.034" /><testcase classname="tests.test_afroboost_backend.TestTrainingSummaryPDF" name="test_training_summary_pdf_download" time="0.061" /><testcase classname="tests.test_afroboost_backend.TestTrainingSummaryPDF" name="test_training_summary_pdf_has_french_accents" time="0.053" /><testcase classname="tests.test_afroboost_backend.TestLevelAccessRequest" name="test_request_payment_access" time="0.035" /><testcase classname="tests.test_afroboost_backend.TestLevelAccessRequest" name="test_request_volunteer_access" time="0.075" /><testcase classname="tests.test_afroboost_backend.TestLevelUnlockCheck" name="test_check_unlock_status" time="0.040" /></testsuite></testsuites>