<?xml version="1.0" encoding="utf-8"?><testsuites name="pytest tests"><testsuite name="pytest" errors="0" failures="0" skipped="0" tests="27" time="2.366" timestamp="2026-01-09T13:22:45.710114+00:00" hostname="agent-env-2a16f039-43cd-4224-b79a-3eed3b623f86"><testcase classname="tests.test_access_payments.TestAccessCRUD" name="test_01_get_all_access_returns_array" time="0.069" /><testcase classname="tests.test_access_payments.TestAccessCRUD" name="test_02_create_access" time="0.038" /><testcase classname="tests.test_access_payments.TestAccessCRUD" name="test_03_get_access_by_id" time="0.033" /><testcase classname="tests.test_access_payments.TestAccessCRUD" name="test_04_get_access_with_filters" time="0.121" /><testcase classname="tests.test_access_payments.TestAccessCRUD" name="test_05_update_access" time="0.118" /><testcase classname="tests.test_access_payments.TestAccessCRUD" name="test_06_update_access_back_to_active" time="0.038" /><testcase classname="tests.test_access_payments.TestAccessCRUD" name="test_07_revoke_access" time="0.037" /><testcase classname="tests.test_access_payments.TestAccessCRUD" name="test_08_revoke_non_active_fails" time="0.036" /><testcase classname="tests.test_access_payments.TestAccessCRUD" name="test_09_delete_access" time="0.072" /><testcase classname="tests.test_access_payments.TestAccessCRUD" name="test_10_delete_nonexistent_access" time="0.039" /><testcase classname="tests.test_access_payments.TestAccessCRUD" name="test_11_create_duplicate_access_fails" time="0.105" /><testcase classname="tests.test_access_payments.TestPaymentHistory" name="test_01_get_payment_history_returns_array" time="0.037" /><testcase classname="tests.test_access_payments.TestPaymentHistory" name="test_02_get_payment_history_with_filters" time="0.067" /><testcase classname="tests.test_access_payments.TestPaymentInitiation" name="test_01_initiate_payment_stripe" time="0.124" /><testcase classname="tests.test_access_payments.TestPaymentInitiation" name="test_02_initiate_payment_twint" time="0.039" /><testcase classname="tests.test_access_payments.TestPaymentInitiation" name="test_03_initiate_payment_mobile_money" time="0.074" /><testcase classname="tests.test_access_payments.TestPaymentInitiation" name="test_04_initiate_payment_disabled_method_fails" time="0.034" /><testcase classname="tests.test_access_payments.TestPaymentInitiation" name="test_05_initiate_payment_unconfigured_level_fails" time="0.036" /><testcase classname="tests.test_access_payments.TestPaymentWebhook" name="test_01_webhook_completes_payment_and_creates_access" time="0.147" /><testcase classname="tests.test_access_payments.TestPaymentWebhook" name="test_02_webhook_failed_payment" time="0.069" /><testcase classname="tests.test_access_payments.TestPaymentWebhook" name="test_03_webhook_nonexistent_transaction" time="0.112" /><testcase classname="tests.test_access_payments.TestManualPaymentCompletion" name="test_01_complete_pending_payment" time="0.070" /><testcase classname="tests.test_access_payments.TestManualPaymentCompletion" name="test_02_complete_nonpending_fails" time="0.148" /><testcase classname="tests.test_access_payments.TestManualPaymentCompletion" name="test_03_complete_nonexistent_fails" time="0.034" /><testcase classname="tests.test_access_payments.TestBackwardCompatibility" name="test_01_access_creation_updates_progress" time="0.136" /><testcase classname="tests.test_access_payments.TestBackwardCompatibility" name="test_02_access_revocation_updates_progress" time="0.222" /><testcase classname="tests.test_access_payments.TestCleanup" name="test_cleanup_test_data" time="0.177" /></testsuite></testsuites>